18-Jan-2020 15:26:48.495 정보 [main] org.apache.catalina.startup.VersionLoggerListener.log 서버 버전 이름:        Apache Tomcat/9.0.30
18-Jan-2020 15:26:48.605 정보 [main] org.apache.catalina.startup.VersionLoggerListener.log Server 빌드 시각:          Dec 7 2019 16:42:04 UTC
18-Jan-2020 15:26:48.620 정보 [main] org.apache.catalina.startup.VersionLoggerListener.log Server 버전 번호:         9.0.30.0
18-Jan-2020 15:26:48.620 정보 [main] org.apache.catalina.startup.VersionLoggerListener.log 운영체제 이름:               Windows 7
18-Jan-2020 15:26:48.620 정보 [main] org.apache.catalina.startup.VersionLoggerListener.log 운영체제 버전:            6.1
18-Jan-2020 15:26:48.620 정보 [main] org.apache.catalina.startup.VersionLoggerListener.log 아키텍처:          amd64
18-Jan-2020 15:26:48.620 정보 [main] org.apache.catalina.startup.VersionLoggerListener.log 자바 홈:             C:\Program Files\Java\jdk1.8.0_231\jre
18-Jan-2020 15:26:48.636 정보 [main] org.apache.catalina.startup.VersionLoggerListener.log JVM 버전:           1.8.0_231-b11
18-Jan-2020 15:26:48.636 정보 [main] org.apache.catalina.startup.VersionLoggerListener.log JVM 벤더:            Oracle Corporation
18-Jan-2020 15:26:48.636 정보 [main] org.apache.catalina.startup.VersionLoggerListener.log CATALINA_BASE:         C:\pjm\utility\apache-tomcat-9.0.30
18-Jan-2020 15:26:48.636 정보 [main] org.apache.catalina.startup.VersionLoggerListener.log CATALINA_HOME:         C:\pjm\utility\apache-tomcat-9.0.30
18-Jan-2020 15:26:48.651 정보 [main] org.apache.catalina.startup.VersionLoggerListener.log 명령 행 아규먼트: -Djava.util.logging.config.file=C:\pjm\utility\apache-tomcat-9.0.30\conf\logging.properties
18-Jan-2020 15:26:48.651 정보 [main] org.apache.catalina.startup.VersionLoggerListener.log 명령 행 아규먼트: -Djava.util.logging.manager=org.apache.juli.ClassLoaderLogManager
18-Jan-2020 15:26:48.667 정보 [main] org.apache.catalina.startup.VersionLoggerListener.log 명령 행 아규먼트: -Djdk.tls.ephemeralDHKeySize=2048
18-Jan-2020 15:26:48.667 정보 [main] org.apache.catalina.startup.VersionLoggerListener.log 명령 행 아규먼트: -Djava.protocol.handler.pkgs=org.apache.catalina.webresources
18-Jan-2020 15:26:48.667 정보 [main] org.apache.catalina.startup.VersionLoggerListener.log 명령 행 아규먼트: -Dignore.endorsed.dirs=
18-Jan-2020 15:26:48.667 정보 [main] org.apache.catalina.startup.VersionLoggerListener.log 명령 행 아규먼트: -Dcatalina.base=C:\pjm\utility\apache-tomcat-9.0.30
18-Jan-2020 15:26:48.667 정보 [main] org.apache.catalina.startup.VersionLoggerListener.log 명령 행 아규먼트: -Dcatalina.home=C:\pjm\utility\apache-tomcat-9.0.30
18-Jan-2020 15:26:48.667 정보 [main] org.apache.catalina.startup.VersionLoggerListener.log 명령 행 아규먼트: -Djava.io.tmpdir=C:\pjm\utility\apache-tomcat-9.0.30\temp
18-Jan-2020 15:26:48.683 정보 [main] org.apache.catalina.core.AprLifecycleListener.lifecycleEvent 프로덕션 환경들에서 최적의 성능을 제공하는, APR 기반 Apache Tomcat Native 라이브러리가, 다음 java.library.path에서 발견되지 않습니다: [C:\Program Files\Java\jdk1.8.0_231\bin;C:\Windows\Sun\Java\bin;C:\Windows\system32;C:\Windows;C:\Program Files\Java\jdk1.8.0_231\bin;C:\oraclexe\app\oracle\product\11.2.0\server\bin;;C:\Program Files (x86)\Common Files\Oracle\Java\javapath;C:\Windows\system32;C:\Windows;C:\Windows\System32\Wbem;C:\Windows\System32\WindowsPowerShell\v1.0\;C:\Program Files\nodejs\;C:\Program Files\Microsoft VS Code\bin;C:\Users\C\AppData\Roaming\npm;C:\Users\C\AppData\Local\Programs\Microsoft VS Code\bin;.]
18-Jan-2020 15:26:50.165 정보 [main] org.apache.coyote.AbstractProtocol.init 프로토콜 핸들러 ["http-nio-8088"]을(를) 초기화합니다.
18-Jan-2020 15:26:50.461 정보 [main] org.apache.coyote.AbstractProtocol.init 프로토콜 핸들러 ["ajp-nio-8009"]을(를) 초기화합니다.
18-Jan-2020 15:26:50.492 정보 [main] org.apache.catalina.startup.Catalina.load [3,136] 밀리초 내에 서버가 초기화되었습니다.
18-Jan-2020 15:26:50.633 정보 [main] org.apache.catalina.core.StandardService.startInternal 서비스 [Catalina]을(를) 시작합니다.
18-Jan-2020 15:26:50.633 정보 [main] org.apache.catalina.core.StandardEngine.startInternal 서버 엔진을 시작합니다: [Apache Tomcat/9.0.30]
18-Jan-2020 15:26:50.664 정보 [main] org.apache.catalina.startup.HostConfig.deployDirectory 웹 애플리케이션 디렉토리 [C:\pjm\utility\apache-tomcat-9.0.30\webapps\docs]을(를) 배치합니다.
18-Jan-2020 15:26:51.381 정보 [main] org.apache.catalina.startup.HostConfig.deployDirectory 웹 애플리케이션 디렉토리 [C:\pjm\utility\apache-tomcat-9.0.30\webapps\docs]에 대한 배치가 [717] 밀리초에 완료되었습니다.
18-Jan-2020 15:26:51.381 정보 [main] org.apache.catalina.startup.HostConfig.deployDirectory 웹 애플리케이션 디렉토리 [C:\pjm\utility\apache-tomcat-9.0.30\webapps\examples]을(를) 배치합니다.
18-Jan-2020 15:26:53.144 정보 [main] org.apache.catalina.startup.HostConfig.deployDirectory 웹 애플리케이션 디렉토리 [C:\pjm\utility\apache-tomcat-9.0.30\webapps\examples]에 대한 배치가 [1,763] 밀리초에 완료되었습니다.
18-Jan-2020 15:26:53.144 정보 [main] org.apache.catalina.startup.HostConfig.deployDirectory 웹 애플리케이션 디렉토리 [C:\pjm\utility\apache-tomcat-9.0.30\webapps\host-manager]을(를) 배치합니다.
18-Jan-2020 15:26:53.175 정보 [main] org.apache.catalina.startup.HostConfig.deployDirectory 웹 애플리케이션 디렉토리 [C:\pjm\utility\apache-tomcat-9.0.30\webapps\host-manager]에 대한 배치가 [31] 밀리초에 완료되었습니다.
18-Jan-2020 15:26:53.175 정보 [main] org.apache.catalina.startup.HostConfig.deployDirectory 웹 애플리케이션 디렉토리 [C:\pjm\utility\apache-tomcat-9.0.30\webapps\manager]을(를) 배치합니다.
18-Jan-2020 15:26:53.191 정보 [main] org.apache.catalina.startup.HostConfig.deployDirectory 웹 애플리케이션 디렉토리 [C:\pjm\utility\apache-tomcat-9.0.30\webapps\manager]에 대한 배치가 [16] 밀리초에 완료되었습니다.
18-Jan-2020 15:26:53.207 정보 [main] org.apache.catalina.startup.HostConfig.deployDirectory 웹 애플리케이션 디렉토리 [C:\pjm\utility\apache-tomcat-9.0.30\webapps\ROOT]을(를) 배치합니다.
18-Jan-2020 15:26:53.238 정보 [main] org.apache.catalina.startup.HostConfig.deployDirectory 웹 애플리케이션 디렉토리 [C:\pjm\utility\apache-tomcat-9.0.30\webapps\ROOT]에 대한 배치가 [31] 밀리초에 완료되었습니다.
18-Jan-2020 15:26:53.238 정보 [main] org.apache.coyote.AbstractProtocol.start 프로토콜 핸들러 ["http-nio-8088"]을(를) 시작합니다.
18-Jan-2020 15:26:53.269 정보 [main] org.apache.coyote.AbstractProtocol.start 프로토콜 핸들러 ["ajp-nio-8009"]을(를) 시작합니다.
18-Jan-2020 15:26:53.269 정보 [main] org.apache.catalina.startup.Catalina.start 서버가 [2,775] 밀리초 내에 시작되었습니다.
18-Jan-2020 15:35:10.768 정보 [main] org.apache.catalina.core.StandardServer.await 셧다운 포트를 통해 유효한 셧다운 명령을 받았습니다. 서버 인스턴스를 중지시킵니다.
18-Jan-2020 15:35:10.783 정보 [main] org.apache.coyote.AbstractProtocol.pause 프로토콜 핸들러 ["http-nio-8088"]을(를) 일시 정지 중
18-Jan-2020 15:35:10.830 정보 [main] org.apache.coyote.AbstractProtocol.pause 프로토콜 핸들러 ["ajp-nio-8009"]을(를) 일시 정지 중
18-Jan-2020 15:35:10.862 정보 [main] org.apache.catalina.core.StandardService.stopInternal 서비스 [Catalina]을(를) 중지시킵니다.
18-Jan-2020 15:35:10.942 정보 [main] org.apache.coyote.AbstractProtocol.stop 프로토콜 핸들러 ["http-nio-8088"]을(를) 중지시킵니다.
18-Jan-2020 15:35:10.942 정보 [main] org.apache.coyote.AbstractProtocol.stop 프로토콜 핸들러 ["ajp-nio-8009"]을(를) 중지시킵니다.
18-Jan-2020 15:35:10.942 정보 [main] org.apache.coyote.AbstractProtocol.destroy 프로토콜 핸들러 ["http-nio-8088"]을(를) 소멸시킵니다.
18-Jan-2020 15:35:10.942 정보 [main] org.apache.coyote.AbstractProtocol.destroy 프로토콜 핸들러 ["ajp-nio-8009"]을(를) 소멸시킵니다.
